<testsuites id="" name="" tests="7" failures="5" skipped="0" errors="0" time="26.045155">
<testsuite name="nav-visibility.spec.ts" timestamp="2025-09-11T19:10:08.417Z" hostname="Mobile Chrome" tests="7" failures="5" skipped="0" time="40.202" errors="0">
<testcase name="Navigation Visibility › nav visible on home" classname="nav-visibility.spec.ts" time="8.364">
<failure message="nav-visibility.spec.ts:4:7 nav visible on home" type="FAILURE">
<![CDATA[  [Mobile Chrome] › nav-visibility.spec.ts:4:7 › Navigation Visibility › nav visible on home ───────

    Error: expect(locator).toBeVisible() failed

    Locator:  getByRole('navigation', { name: 'Bottom Navigation' })
    Expected: visible
    Received: <element(s) not found>
    Timeout:  5000ms

    Call log:
      - Expect "toBeVisible" with timeout 5000ms
      - waiting for getByRole('navigation', { name: 'Bottom Navigation' })


      10 |     // Check that navigation is visible
      11 |     const nav = page.getByRole('navigation', { name: 'Bottom Navigation' })
    > 12 |     await expect(nav).toBeVisible()
         |                       ^
      13 |     
      14 |     // Check that navigation items are present
      15 |     const navItems = page.locator('[data-nav-item]')
        at /Users/lukatenbosch/Downloads/flava/__tests__/e2e/nav-visibility.spec.ts:12:23

    attachment #1: screenshot (image/png) ──────────────────────────────────────────────────────────
    ../../test-results/nav-visibility-Navigation-Visibility-nav-visible-on-home-Mobile-Chrome/test-failed-1.png
    ────────────────────────────────────────────────────────────────────────────────────────────────

    attachment #2: video (video/webm) ──────────────────────────────────────────────────────────────
    ../../test-results/nav-visibility-Navigation-Visibility-nav-visible-on-home-Mobile-Chrome/video.webm
    ────────────────────────────────────────────────────────────────────────────────────────────────

    Error Context: ../../test-results/nav-visibility-Navigation-Visibility-nav-visible-on-home-Mobile-Chrome/error-context.md
]]>
</failure>
<system-out>
<![CDATA[
[[ATTACHMENT|nav-visibility-Navigation-Visibility-nav-visible-on-home-Mobile-Chrome/test-failed-1.png]]

[[ATTACHMENT|nav-visibility-Navigation-Visibility-nav-visible-on-home-Mobile-Chrome/video.webm]]

[[ATTACHMENT|nav-visibility-Navigation-Visibility-nav-visible-on-home-Mobile-Chrome/error-context.md]]
]]>
</system-out>
</testcase>
<testcase name="Navigation Visibility › nav hidden on landing" classname="nav-visibility.spec.ts" time="2.096">
</testcase>
<testcase name="Navigation Visibility › nav visible on tasting pages" classname="nav-visibility.spec.ts" time="7.099">
<failure message="nav-visibility.spec.ts:30:7 nav visible on tasting pages" type="FAILURE">
<![CDATA[  [Mobile Chrome] › nav-visibility.spec.ts:30:7 › Navigation Visibility › nav visible on tasting pages 

    Error: expect(locator).toBeVisible() failed

    Locator:  getByRole('navigation', { name: 'Bottom Navigation' })
    Expected: visible
    Received: <element(s) not found>
    Timeout:  5000ms

    Call log:
      - Expect "toBeVisible" with timeout 5000ms
      - waiting for getByRole('navigation', { name: 'Bottom Navigation' })


      36 |     // Check that navigation is visible
      37 |     const nav = page.getByRole('navigation', { name: 'Bottom Navigation' })
    > 38 |     await expect(nav).toBeVisible()
         |                       ^
      39 |   })
      40 |
      41 |   test('nav hidden on auth pages', async ({ page }) => {
        at /Users/lukatenbosch/Downloads/flava/__tests__/e2e/nav-visibility.spec.ts:38:23

    attachment #1: screenshot (image/png) ──────────────────────────────────────────────────────────
    ../../test-results/nav-visibility-Navigation--46d32-av-visible-on-tasting-pages-Mobile-Chrome/test-failed-1.png
    ────────────────────────────────────────────────────────────────────────────────────────────────

    attachment #2: video (video/webm) ──────────────────────────────────────────────────────────────
    ../../test-results/nav-visibility-Navigation--46d32-av-visible-on-tasting-pages-Mobile-Chrome/video.webm
    ────────────────────────────────────────────────────────────────────────────────────────────────

    Error Context: ../../test-results/nav-visibility-Navigation--46d32-av-visible-on-tasting-pages-Mobile-Chrome/error-context.md
]]>
</failure>
<system-out>
<![CDATA[
[[ATTACHMENT|nav-visibility-Navigation--46d32-av-visible-on-tasting-pages-Mobile-Chrome/test-failed-1.png]]

[[ATTACHMENT|nav-visibility-Navigation--46d32-av-visible-on-tasting-pages-Mobile-Chrome/video.webm]]

[[ATTACHMENT|nav-visibility-Navigation--46d32-av-visible-on-tasting-pages-Mobile-Chrome/error-context.md]]
]]>
</system-out>
</testcase>
<testcase name="Navigation Visibility › nav hidden on auth pages" classname="nav-visibility.spec.ts" time="2.138">
</testcase>
<testcase name="Navigation Visibility › navigation items have proper accessibility attributes" classname="nav-visibility.spec.ts" time="6.777">
<failure message="nav-visibility.spec.ts:52:7 navigation items have proper accessibility attributes" type="FAILURE">
<![CDATA[  [Mobile Chrome] › nav-visibility.spec.ts:52:7 › Navigation Visibility › navigation items have proper accessibility attributes 

    Error: expect(locator).toBeVisible() failed

    Locator:  getByRole('navigation', { name: 'Bottom Navigation' })
    Expected: visible
    Received: <element(s) not found>
    Timeout:  5000ms

    Call log:
      - Expect "toBeVisible" with timeout 5000ms
      - waiting for getByRole('navigation', { name: 'Bottom Navigation' })


      55 |     // Wait for navigation to be visible
      56 |     const nav = page.getByRole('navigation', { name: 'Bottom Navigation' })
    > 57 |     await expect(nav).toBeVisible()
         |                       ^
      58 |     
      59 |     // Check that navigation buttons have proper ARIA attributes
      60 |     const navButtons = page.locator('[data-nav-item]')
        at /Users/lukatenbosch/Downloads/flava/__tests__/e2e/nav-visibility.spec.ts:57:23

    attachment #1: screenshot (image/png) ──────────────────────────────────────────────────────────
    ../../test-results/nav-visibility-Navigation--a515e-er-accessibility-attributes-Mobile-Chrome/test-failed-1.png
    ────────────────────────────────────────────────────────────────────────────────────────────────

    attachment #2: video (video/webm) ──────────────────────────────────────────────────────────────
    ../../test-results/nav-visibility-Navigation--a515e-er-accessibility-attributes-Mobile-Chrome/video.webm
    ────────────────────────────────────────────────────────────────────────────────────────────────

    Error Context: ../../test-results/nav-visibility-Navigation--a515e-er-accessibility-attributes-Mobile-Chrome/error-context.md
]]>
</failure>
<system-out>
<![CDATA[
[[ATTACHMENT|nav-visibility-Navigation--a515e-er-accessibility-attributes-Mobile-Chrome/test-failed-1.png]]

[[ATTACHMENT|nav-visibility-Navigation--a515e-er-accessibility-attributes-Mobile-Chrome/video.webm]]

[[ATTACHMENT|nav-visibility-Navigation--a515e-er-accessibility-attributes-Mobile-Chrome/error-context.md]]
]]>
</system-out>
</testcase>
<testcase name="Navigation Visibility › navigation buttons are keyboard accessible" classname="nav-visibility.spec.ts" time="6.948">
<failure message="nav-visibility.spec.ts:73:7 navigation buttons are keyboard accessible" type="FAILURE">
<![CDATA[  [Mobile Chrome] › nav-visibility.spec.ts:73:7 › Navigation Visibility › navigation buttons are keyboard accessible 

    Error: expect(locator).toBeVisible() failed

    Locator:  getByRole('navigation', { name: 'Bottom Navigation' })
    Expected: visible
    Received: <element(s) not found>
    Timeout:  5000ms

    Call log:
      - Expect "toBeVisible" with timeout 5000ms
      - waiting for getByRole('navigation', { name: 'Bottom Navigation' })


      76 |     // Wait for navigation to be visible
      77 |     const nav = page.getByRole('navigation', { name: 'Bottom Navigation' })
    > 78 |     await expect(nav).toBeVisible()
         |                       ^
      79 |     
      80 |     // Focus first navigation button
      81 |     const firstButton = page.locator('[data-nav-item]').first()
        at /Users/lukatenbosch/Downloads/flava/__tests__/e2e/nav-visibility.spec.ts:78:23

    attachment #1: screenshot (image/png) ──────────────────────────────────────────────────────────
    ../../test-results/nav-visibility-Navigation--c0ff5-ons-are-keyboard-accessible-Mobile-Chrome/test-failed-1.png
    ────────────────────────────────────────────────────────────────────────────────────────────────

    attachment #2: video (video/webm) ──────────────────────────────────────────────────────────────
    ../../test-results/nav-visibility-Navigation--c0ff5-ons-are-keyboard-accessible-Mobile-Chrome/video.webm
    ────────────────────────────────────────────────────────────────────────────────────────────────

    Error Context: ../../test-results/nav-visibility-Navigation--c0ff5-ons-are-keyboard-accessible-Mobile-Chrome/error-context.md
]]>
</failure>
<system-out>
<![CDATA[
[[ATTACHMENT|nav-visibility-Navigation--c0ff5-ons-are-keyboard-accessible-Mobile-Chrome/test-failed-1.png]]

[[ATTACHMENT|nav-visibility-Navigation--c0ff5-ons-are-keyboard-accessible-Mobile-Chrome/video.webm]]

[[ATTACHMENT|nav-visibility-Navigation--c0ff5-ons-are-keyboard-accessible-Mobile-Chrome/error-context.md]]
]]>
</system-out>
</testcase>
<testcase name="Navigation Visibility › navigation maintains state during page transitions" classname="nav-visibility.spec.ts" time="6.78">
<failure message="nav-visibility.spec.ts:97:7 navigation maintains state during page transitions" type="FAILURE">
<![CDATA[  [Mobile Chrome] › nav-visibility.spec.ts:97:7 › Navigation Visibility › navigation maintains state during page transitions 

    Error: expect(locator).toBeVisible() failed

    Locator:  getByRole('navigation', { name: 'Bottom Navigation' })
    Expected: visible
    Received: <element(s) not found>
    Timeout:  5000ms

    Call log:
      - Expect "toBeVisible" with timeout 5000ms
      - waiting for getByRole('navigation', { name: 'Bottom Navigation' })


      100 |     // Wait for navigation to be visible
      101 |     const nav = page.getByRole('navigation', { name: 'Bottom Navigation' })
    > 102 |     await expect(nav).toBeVisible()
          |                       ^
      103 |     
      104 |     // Click on a navigation item
      105 |     const createButton = page.locator('[data-nav-item="create"]')
        at /Users/lukatenbosch/Downloads/flava/__tests__/e2e/nav-visibility.spec.ts:102:23

    attachment #1: screenshot (image/png) ──────────────────────────────────────────────────────────
    ../../test-results/nav-visibility-Navigation--def5a-ate-during-page-transitions-Mobile-Chrome/test-failed-1.png
    ────────────────────────────────────────────────────────────────────────────────────────────────

    attachment #2: video (video/webm) ──────────────────────────────────────────────────────────────
    ../../test-results/nav-visibility-Navigation--def5a-ate-during-page-transitions-Mobile-Chrome/video.webm
    ────────────────────────────────────────────────────────────────────────────────────────────────

    Error Context: ../../test-results/nav-visibility-Navigation--def5a-ate-during-page-transitions-Mobile-Chrome/error-context.md
]]>
</failure>
<system-out>
<![CDATA[
[[ATTACHMENT|nav-visibility-Navigation--def5a-ate-during-page-transitions-Mobile-Chrome/test-failed-1.png]]

[[ATTACHMENT|nav-visibility-Navigation--def5a-ate-during-page-transitions-Mobile-Chrome/video.webm]]

[[ATTACHMENT|nav-visibility-Navigation--def5a-ate-during-page-transitions-Mobile-Chrome/error-context.md]]
]]>
</system-out>
</testcase>
</testsuite>
</testsuites>